# JRE version: Java(TM) SE Runtime Environment (8.0_144-b01) (build 1.8.0_144-b01)
# Java VM: Java HotSpot(TM) 64-Bit Server VM (25.144-b01 mixed mode windows-amd64 compressed oops)
Heap:
 PSYoungGen      total 181760K, used 127372K [0x00000000d6180000, 0x00000000e2300000, 0x0000000100000000)
  eden space 166912K, 67% used [0x00000000d6180000,0x00000000dcf6aad8,0x00000000e0480000)
  from space 14848K, 99% used [0x00000000e1480000,0x00000000e22f8530,0x00000000e2300000)
  to   space 1024K, 0% used [0x00000000e0b80000,0x00000000e0b80000,0x00000000e0c80000)
 ParOldGen       total 84992K, used 48115K [0x0000000082400000, 0x0000000087700000, 0x00000000d6180000)
  object space 84992K, 56% used [0x0000000082400000,0x00000000852fccd8,0x0000000087700000)
 Metaspace       used 26977K, capacity 27698K, committed 27904K, reserved 1073152K
  class space    used 3075K, capacity 3267K, committed 3328K, reserved 1048576K
GC Heap History (10 events):
Event: 18.368 GC heap before
{Heap before GC invocations=19 (full 0):
 PSYoungGen      total 205312K, used 189152K [0x00000000d6180000, 0x00000000e3b00000, 0x0000000100000000)
  eden space 188928K, 100% used [0x00000000d6180000,0x00000000e1a00000,0x00000000e1a00000)
  from space 16384K, 1% used [0x00000000e2b00000,0x00000000e2b38000,0x00000000e3b00000)
  to   space 16896K, 0% used [0x00000000e1a00000,0x00000000e1a00000,0x00000000e2a80000)
 ParOldGen       total 86016K, used 34003K [0x0000000082400000, 0x0000000087800000, 0x00000000d6180000)
  object space 86016K, 39% used [0x0000000082400000,0x0000000084534c20,0x0000000087800000)
 Metaspace       used 20350K, capacity 20976K, committed 21248K, reserved 1069056K
  class space    used 2336K, capacity 2478K, committed 2560K, reserved 1048576K
Event: 18.369 GC heap after
Heap after GC invocations=19 (full 0):
 PSYoungGen      total 181760K, used 272K [0x00000000d6180000, 0x00000000e3280000, 0x0000000100000000)
  eden space 181248K, 0% used [0x00000000d6180000,0x00000000d6180000,0x00000000e1280000)
  from space 512K, 53% used [0x00000000e1a00000,0x00000000e1a44010,0x00000000e1a80000)
  to   space 16384K, 0% used [0x00000000e2280000,0x00000000e2280000,0x00000000e3280000)
 ParOldGen       total 86016K, used 34019K [0x0000000082400000, 0x0000000087800000, 0x00000000d6180000)
  object space 86016K, 39% used [0x0000000082400000,0x0000000084538c20,0x0000000087800000)
 Metaspace       used 20350K, capacity 20976K, committed 21248K, reserved 1069056K
  class space    used 2336K, capacity 2478K, committed 2560K, reserved 1048576K
}
Event: 18.608 GC heap before
{Heap before GC invocations=20 (full 0):
 PSYoungGen      total 181760K, used 181520K [0x00000000d6180000, 0x00000000e3280000, 0x0000000100000000)
  eden space 181248K, 100% used [0x00000000d6180000,0x00000000e1280000,0x00000000e1280000)
  from space 512K, 53% used [0x00000000e1a00000,0x00000000e1a44010,0x00000000e1a80000)
  to   space 16384K, 0% used [0x00000000e2280000,0x00000000e2280000,0x00000000e3280000)
 ParOldGen       total 86016K, used 34019K [0x0000000082400000, 0x0000000087800000, 0x00000000d6180000)
  object space 86016K, 39% used [0x0000000082400000,0x0000000084538c20,0x0000000087800000)
 Metaspace       used 20359K, capacity 20976K, committed 21248K, reserved 1069056K
  class space    used 2336K, capacity 2478K, committed 2560K, reserved 1048576K
Event: 18.609 GC heap after
Heap after GC invocations=20 (full 0):
 PSYoungGen      total 181248K, used 256K [0x00000000d6180000, 0x00000000e2980000, 0x0000000100000000)
  eden space 174080K, 0% used [0x00000000d6180000,0x00000000d6180000,0x00000000e0b80000)
  from space 7168K, 3% used [0x00000000e2280000,0x00000000e22c0000,0x00000000e2980000)
  to   space 15360K, 0% used [0x00000000e0b80000,0x00000000e0b80000,0x00000000e1a80000)
 ParOldGen       total 86016K, used 34067K [0x0000000082400000, 0x0000000087800000, 0x00000000d6180000)
  object space 86016K, 39% used [0x0000000082400000,0x0000000084544c20,0x0000000087800000)
 Metaspace       used 20359K, capacity 20976K, committed 21248K, reserved 1069056K
  class space    used 2336K, capacity 2478K, committed 2560K, reserved 1048576K
}
Event: 19.648 GC heap before
{Heap before GC invocations=21 (full 0):
 PSYoungGen      total 181248K, used 111494K [0x00000000d6180000, 0x00000000e2980000, 0x0000000100000000)
  eden space 174080K, 63% used [0x00000000d6180000,0x00000000dce218a8,0x00000000e0b80000)
  from space 7168K, 3% used [0x00000000e2280000,0x00000000e22c0000,0x00000000e2980000)
  to   space 15360K, 0% used [0x00000000e0b80000,0x00000000e0b80000,0x00000000e1a80000)
 ParOldGen       total 86016K, used 34067K [0x0000000082400000, 0x0000000087800000, 0x00000000d6180000)
  object space 86016K, 39% used [0x0000000082400000,0x0000000084544c20,0x0000000087800000)
 Metaspace       used 20597K, capacity 21192K, committed 21248K, reserved 1069056K
  class space    used 2363K, capacity 2550K, committed 2560K, reserved 1048576K
Event: 19.650 GC heap after
Heap after GC invocations=21 (full 0):
 PSYoungGen      total 167936K, used 672K [0x00000000d6180000, 0x00000000e2300000, 0x0000000100000000)
  eden space 166912K, 0% used [0x00000000d6180000,0x00000000d6180000,0x00000000e0480000)
  from space 1024K, 65% used [0x00000000e0b80000,0x00000000e0c28000,0x00000000e0c80000)
  to   space 14848K, 0% used [0x00000000e1480000,0x00000000e1480000,0x00000000e2300000)
 ParOldGen       total 86016K, used 34091K [0x0000000082400000, 0x0000000087800000, 0x00000000d6180000)
  object space 86016K, 39% used [0x0000000082400000,0x000000008454ac20,0x0000000087800000)
 Metaspace       used 20597K, capacity 21192K, committed 21248K, reserved 1069056K
  class space    used 2363K, capacity 2550K, committed 2560K, reserved 1048576K
}
Event: 19.650 GC heap before
{Heap before GC invocations=22 (full 1):
 PSYoungGen      total 167936K, used 672K [0x00000000d6180000, 0x00000000e2300000, 0x0000000100000000)
  eden space 166912K, 0% used [0x00000000d6180000,0x00000000d6180000,0x00000000e0480000)
  from space 1024K, 65% used [0x00000000e0b80000,0x00000000e0c28000,0x00000000e0c80000)
  to   space 14848K, 0% used [0x00000000e1480000,0x00000000e1480000,0x00000000e2300000)
 ParOldGen       total 86016K, used 34091K [0x0000000082400000, 0x0000000087800000, 0x00000000d6180000)
  object space 86016K, 39% used [0x0000000082400000,0x000000008454ac20,0x0000000087800000)
 Metaspace       used 20597K, capacity 21192K, committed 21248K, reserved 1069056K
  class space    used 2363K, capacity 2550K, committed 2560K, reserved 1048576K
Event: 19.799 GC heap after
Heap after GC invocations=22 (full 1):
 PSYoungGen      total 167936K, used 0K [0x00000000d6180000, 0x00000000e2300000, 0x0000000100000000)
  eden space 166912K, 0% used [0x00000000d6180000,0x00000000d6180000,0x00000000e0480000)
  from space 1024K, 0% used [0x00000000e0b80000,0x00000000e0b80000,0x00000000e0c80000)
  to   space 14848K, 0% used [0x00000000e1480000,0x00000000e1480000,0x00000000e2300000)
 ParOldGen       total 84992K, used 28117K [0x0000000082400000, 0x0000000087700000, 0x00000000d6180000)
  object space 84992K, 33% used [0x0000000082400000,0x0000000083f754e0,0x0000000087700000)
 Metaspace       used 20597K, capacity 21192K, committed 21248K, reserved 1069056K
  class space    used 2363K, capacity 2550K, committed 2560K, reserved 1048576K
}
Event: 28.083 GC heap before
{Heap before GC invocations=23 (full 1):
 PSYoungGen      total 167936K, used 166912K [0x00000000d6180000, 0x00000000e2300000, 0x0000000100000000)
  eden space 166912K, 100% used [0x00000000d6180000,0x00000000e0480000,0x00000000e0480000)
  from space 1024K, 0% used [0x00000000e0b80000,0x00000000e0b80000,0x00000000e0c80000)
  to   space 14848K, 0% used [0x00000000e1480000,0x00000000e1480000,0x00000000e2300000)
 ParOldGen       total 84992K, used 28117K [0x0000000082400000, 0x0000000087700000, 0x00000000d6180000)
  object space 84992K, 33% used [0x0000000082400000,0x0000000083f754e0,0x0000000087700000)
 Metaspace       used 25245K, capacity 25864K, committed 26112K, reserved 1073152K
  class space    used 2893K, capacity 3062K, committed 3072K, reserved 1048576K
Event: 28.117 GC heap after
Heap after GC invocations=23 (full 1):
 PSYoungGen      total 181760K, used 14817K [0x00000000d6180000, 0x00000000e2300000, 0x0000000100000000)
  eden space 166912K, 0% used [0x00000000d6180000,0x00000000d6180000,0x00000000e0480000)
  from space 14848K, 99% used [0x00000000e1480000,0x00000000e22f8530,0x00000000e2300000)
  to   space 1024K, 0% used [0x00000000e0b80000,0x00000000e0b80000,0x00000000e0c80000)
 ParOldGen       total 84992K, used 48115K [0x0000000082400000, 0x0000000087700000, 0x00000000d6180000)
  object space 84992K, 56% used [0x0000000082400000,0x00000000852fccd8,0x0000000087700000)
 Metaspace       used 25245K, capacity 25864K, committed 26112K, reserved 1073152K
  class space    used 2893K, capacity 3062K, committed 3072K, reserved 1048576K
}

